<?xml version="1.0" encoding="UTF-8"?>
<!-- Generated by org.testng.reporters.JUnitXMLReporter -->
<testsuite ignored="4" hostname="LAPTOP-6BGFBM1S" failures="0" tests="1" name="Default test" time="30.937" errors="0" timestamp="2023-08-18T20:32:33 IST">
  <testcase classname="com.tutorialsninja.qa.testcases.Login" name="verifyLoginwithInvalidCredentials" time="4.102"/>
  <testcase classname="com.tutorialsninja.qa.testcases.Login" name="verifyLoginwithValidEmailAndInvalidPassword" time="0.0">
    <ignored/>
  </testcase> <!-- verifyLoginwithValidEmailAndInvalidPassword -->
  <testcase classname="com.tutorialsninja.qa.testcases.Login" name="verifyLoginWithoutProvidingCredentials" time="0.0">
    <ignored/>
  </testcase> <!-- verifyLoginWithoutProvidingCredentials -->
  <testcase classname="com.tutorialsninja.qa.testcases.Login" name="LoginwithValidCredentials" time="0.0">
    <ignored/>
  </testcase> <!-- LoginwithValidCredentials -->
  <testcase classname="com.tutorialsninja.qa.testcases.Login" name="verifyLoginWithInvalidEmailAndValidPassword" time="0.0">
    <ignored/>
  </testcase> <!-- verifyLoginWithInvalidEmailAndValidPassword -->
</testsuite> <!-- Default test -->
